C:\LEARNING\数据结构\KMP匹配算法\DEBUG\01.OBJ
C:\LEARNING\数据结构\KMP匹配算法\DEBUG\VC110.PDB
C:\LEARNING\数据结构\KMP匹配算法\DEBUG\KMP.OBJ
C:\LEARNING\数据结构\KMP匹配算法\DEBUG\BUBBLE SORT.OBJ
C:\LEARNING\数据结构\KMP匹配算法\DEBUG\SIMPLE SELECTION SORT.OBJ
C:\LEARNING\数据结构\KMP匹配算法\DEBUG\STRAIGHT INSERTION SORT.OBJ
C:\LEARNING\数据结构\DEBUG\KMP匹配算法.ILK
C:\LEARNING\数据结构\DEBUG\KMP匹配算法.EXE
C:\LEARNING\数据结构\DEBUG\KMP匹配算法.PDB
C:\learning\数据结构\06162018\Debug\01.obj
C:\learning\数据结构\06162018\Debug\Bubble Sort.obj
C:\learning\数据结构\06162018\Debug\KMP.obj
C:\learning\数据结构\06162018\Debug\Simple Selection Sort.obj
C:\learning\数据结构\06162018\Debug\Straight Insertion Sort.obj
C:\learning\数据结构\06162018\Debug\cl.command.1.tlog
C:\learning\数据结构\06162018\Debug\CL.read.1.tlog
C:\learning\数据结构\06162018\Debug\CL.write.1.tlog
C:\learning\数据结构\06162018\Debug\link-cvtres.read.1.tlog
C:\learning\数据结构\06162018\Debug\link-cvtres.write.1.tlog
C:\learning\数据结构\06162018\Debug\link-rc.read.1.tlog
C:\learning\数据结构\06162018\Debug\link-rc.write.1.tlog
C:\learning\数据结构\06162018\Debug\link.10248-cvtres.read.1.tlog
C:\learning\数据结构\06162018\Debug\link.10248-cvtres.write.1.tlog
C:\learning\数据结构\06162018\Debug\link.10248-rc.read.1.tlog
C:\learning\数据结构\06162018\Debug\link.10248-rc.write.1.tlog
C:\learning\数据结构\06162018\Debug\link.10248.read.1.tlog
C:\learning\数据结构\06162018\Debug\link.10248.write.1.tlog
C:\learning\数据结构\06162018\Debug\link.11696-cvtres.read.1.tlog
C:\learning\数据结构\06162018\Debug\link.11696-cvtres.write.1.tlog
C:\learning\数据结构\06162018\Debug\link.11696-rc.read.1.tlog
C:\learning\数据结构\06162018\Debug\link.11696-rc.write.1.tlog
C:\learning\数据结构\06162018\Debug\link.11696.read.1.tlog
C:\learning\数据结构\06162018\Debug\link.11696.write.1.tlog
C:\learning\数据结构\06162018\Debug\link.7372-cvtres.read.1.tlog
C:\learning\数据结构\06162018\Debug\link.7372-cvtres.write.1.tlog
C:\learning\数据结构\06162018\Debug\link.7372-rc.read.1.tlog
C:\learning\数据结构\06162018\Debug\link.7372-rc.write.1.tlog
C:\learning\数据结构\06162018\Debug\link.7372.read.1.tlog
C:\learning\数据结构\06162018\Debug\link.7372.write.1.tlog
C:\learning\数据结构\06162018\Debug\link.9512-cvtres.read.1.tlog
C:\learning\数据结构\06162018\Debug\link.9512-cvtres.write.1.tlog
C:\learning\数据结构\06162018\Debug\link.9512-rc.read.1.tlog
C:\learning\数据结构\06162018\Debug\link.9512-rc.write.1.tlog
C:\learning\数据结构\06162018\Debug\link.9512.read.1.tlog
C:\learning\数据结构\06162018\Debug\link.9512.write.1.tlog
C:\learning\数据结构\06162018\Debug\link.command.1.tlog
C:\learning\数据结构\06162018\Debug\link.read.1.tlog
C:\learning\数据结构\06162018\Debug\link.write.1.tlog
C:\learning\数据结构\06162018\Debug\vc110.idb
C:\learning\数据结构\06162018\Debug\vc110.pdb
