C:\LEARNING\数据结构\06272018\DEBUG\GRAPH.OBJ
C:\LEARNING\数据结构\06272018\DEBUG\VC110.PDB
C:\LEARNING\数据结构\06272018\DEBUG\DFS.OBJ
C:\LEARNING\数据结构\06272018\DEBUG\TESTMAXINT.OBJ
C:\LEARNING\数据结构\06272018\DEBUG\BFS.OBJ
C:\LEARNING\数据结构\DEBUG\06272018.ILK
C:\LEARNING\数据结构\DEBUG\06272018.EXE
C:\LEARNING\数据结构\DEBUG\06272018.PDB
C:\learning\数据结构\06272018\Debug\BFS.obj
C:\learning\数据结构\06272018\Debug\DFS.obj
C:\learning\数据结构\06272018\Debug\Graph.obj
C:\learning\数据结构\06272018\Debug\testMaxInt.obj
C:\learning\数据结构\06272018\Debug\cl.command.1.tlog
C:\learning\数据结构\06272018\Debug\CL.read.1.tlog
C:\learning\数据结构\06272018\Debug\CL.write.1.tlog
C:\learning\数据结构\06272018\Debug\link-cvtres.read.1.tlog
C:\learning\数据结构\06272018\Debug\link-cvtres.write.1.tlog
C:\learning\数据结构\06272018\Debug\link-rc.read.1.tlog
C:\learning\数据结构\06272018\Debug\link-rc.write.1.tlog
C:\learning\数据结构\06272018\Debug\link.29936-cvtres.read.1.tlog
C:\learning\数据结构\06272018\Debug\link.29936-cvtres.write.1.tlog
C:\learning\数据结构\06272018\Debug\link.29936-rc.read.1.tlog
C:\learning\数据结构\06272018\Debug\link.29936-rc.write.1.tlog
C:\learning\数据结构\06272018\Debug\link.29936.read.1.tlog
C:\learning\数据结构\06272018\Debug\link.29936.write.1.tlog
C:\learning\数据结构\06272018\Debug\link.6780-cvtres.read.1.tlog
C:\learning\数据结构\06272018\Debug\link.6780-cvtres.write.1.tlog
C:\learning\数据结构\06272018\Debug\link.6780-rc.read.1.tlog
C:\learning\数据结构\06272018\Debug\link.6780-rc.write.1.tlog
C:\learning\数据结构\06272018\Debug\link.6780.read.1.tlog
C:\learning\数据结构\06272018\Debug\link.6780.write.1.tlog
C:\learning\数据结构\06272018\Debug\link.command.1.tlog
C:\learning\数据结构\06272018\Debug\link.read.1.tlog
C:\learning\数据结构\06272018\Debug\link.write.1.tlog
C:\learning\数据结构\06272018\Debug\vc110.idb
C:\learning\数据结构\06272018\Debug\vc110.pdb
C:\learning\数据结构\Debug\06272018.pdb
